<?xml version="1.0" encoding="UTF-8"?>
<testng-results ignored="0" total="14" passed="9" failed="0" skipped="5">
  <reporter-output>
  </reporter-output>
  <suite started-at="2026-06-05T19:54:25 CST" name="POMTestExecution" finished-at="2026-06-05T19:55:35 CST" duration-ms="70710">
    <groups>
    </groups>
    <test started-at="2026-06-05T19:54:25 CST" name="itemsArePresent" finished-at="2026-06-05T19:54:36 CST" duration-ms="11826">
      <class name="com.sdet.testcases.itemsArePresent">
        <test-method signature="itemsPresent(java.lang.String,java.lang.String)[pri:0, instance:com.sdet.testcases.itemsArePresent@3e9803c2]" started-at="2026-06-05T19:54:25 CST" name="itemsPresent" data-provider="dp1" finished-at="2026-06-05T19:54:25 CST" duration-ms="14" status="SKIP">
          <params>
            <param index="0">
              <value>
                <![CDATA[N]]>
              </value>
            </param>
            <param index="1">
              <value>
                <![CDATA[chrome]]>
              </value>
            </param>
          </params>
          <exception class="org.testng.SkipException">
            <message>
              <![CDATA[Skipping chrome itemsArePresent execution as the run mode is NO]]>
            </message>
            <full-stacktrace>
              <![CDATA[org.testng.SkipException: Skipping chrome itemsArePresent execution as the run mode is NO
at com.sdet.testcases.itemsArePresent.itemsPresent(itemsArePresent.java:17)
at java.base/jdk.internal.reflect.DirectMethodHandleAccessor.invoke(DirectMethodHandleAccessor.java:103)
at java.base/java.lang.reflect.Method.invoke(Method.java:580)
at org.testng.internal.invokers.MethodInvocationHelper.invokeMethod(MethodInvocationHelper.java:141)
at org.testng.internal.invokers.TestInvoker.invokeMethod(TestInvoker.java:687)
at org.testng.internal.invokers.TestInvoker.invokeTestMethod(TestInvoker.java:230)
at org.testng.internal.invokers.MethodRunner.runInSequence(MethodRunner.java:63)
at org.testng.internal.invokers.TestInvoker$MethodInvocationAgent.invoke(TestInvoker.java:995)
at org.testng.internal.invokers.TestInvoker.invokeTestMethods(TestInvoker.java:203)
at org.testng.internal.invokers.TestMethodWorker.invokeTestMethods(TestMethodWorker.java:154)
at org.testng.internal.invokers.TestMethodWorker.run(TestMethodWorker.java:134)
at java.base/java.util.ArrayList.forEach(ArrayList.java:1596)
at org.testng.TestRunner.privateRun(TestRunner.java:741)
at org.testng.TestRunner.run(TestRunner.java:616)
at org.testng.SuiteRunner.runTest(SuiteRunner.java:421)
at org.testng.SuiteRunner.runSequentially(SuiteRunner.java:413)
at org.testng.SuiteRunner.privateRun(SuiteRunner.java:373)
at org.testng.SuiteRunner.run(SuiteRunner.java:312)
at org.testng.SuiteRunnerWorker.runSuite(SuiteRunnerWorker.java:52)
at org.testng.SuiteRunnerWorker.run(SuiteRunnerWorker.java:95)
at org.testng.TestNG.runSuitesSequentially(TestNG.java:1274)
at org.testng.TestNG.runSuitesLocally(TestNG.java:1208)
at org.testng.TestNG.runSuites(TestNG.java:1112)
at org.testng.TestNG.run(TestNG.java:1079)
at org.apache.maven.surefire.testng.TestNGExecutor.run(TestNGExecutor.java:308)
at org.apache.maven.surefire.testng.TestNGXmlTestSuite.execute(TestNGXmlTestSuite.java:71)
at org.apache.maven.surefire.testng.TestNGProvider.invoke(TestNGProvider.java:113)
at org.apache.maven.surefire.booter.ForkedBooter.runSuitesInProcess(ForkedBooter.java:385)
at org.apache.maven.surefire.booter.ForkedBooter.execute(ForkedBooter.java:162)
at org.apache.maven.surefire.booter.ForkedBooter.run(ForkedBooter.java:507)
at org.apache.maven.surefire.booter.ForkedBooter.main(ForkedBooter.java:495)
]]>
            </full-stacktrace>
          </exception> <!-- org.testng.SkipException -->
          <reporter-output>
          </reporter-output>
        </test-method> <!-- itemsPresent -->
        <test-method is-config="true" signature="tearDown()[pri:0, instance:com.sdet.testcases.itemsArePresent@3e9803c2]" started-at="2026-06-05T19:54:25 CST" name="tearDown" finished-at="2026-06-05T19:54:25 CST" duration-ms="3" status="PASS">
          <reporter-output>
          </reporter-output>
        </test-method> <!-- tearDown -->
        <test-method signature="itemsPresent(java.lang.String,java.lang.String)[pri:0, instance:com.sdet.testcases.itemsArePresent@3e9803c2]" started-at="2026-06-05T19:54:25 CST" name="itemsPresent" data-provider="dp1" finished-at="2026-06-05T19:54:30 CST" duration-ms="4912" status="PASS">
          <params>
            <param index="0">
              <value>
                <![CDATA[Y]]>
              </value>
            </param>
            <param index="1">
              <value>
                <![CDATA[chrome]]>
              </value>
            </param>
          </params>
          <reporter-output>
          </reporter-output>
        </test-method> <!-- itemsPresent -->
        <test-method is-config="true" signature="tearDown()[pri:0, instance:com.sdet.testcases.itemsArePresent@3e9803c2]" started-at="2026-06-05T19:54:30 CST" name="tearDown" finished-at="2026-06-05T19:54:30 CST" duration-ms="136" status="PASS">
          <reporter-output>
          </reporter-output>
        </test-method> <!-- tearDown -->
        <test-method signature="itemsPresent(java.lang.String,java.lang.String)[pri:0, instance:com.sdet.testcases.itemsArePresent@3e9803c2]" started-at="2026-06-05T19:54:30 CST" name="itemsPresent" data-provider="dp1" finished-at="2026-06-05T19:54:36 CST" duration-ms="6156" status="PASS">
          <params>
            <param index="0">
              <value>
                <![CDATA[Y]]>
              </value>
            </param>
            <param index="1">
              <value>
                <![CDATA[firefox]]>
              </value>
            </param>
          </params>
          <reporter-output>
          </reporter-output>
        </test-method> <!-- itemsPresent -->
        <test-method is-config="true" signature="tearDown()[pri:0, instance:com.sdet.testcases.itemsArePresent@3e9803c2]" started-at="2026-06-05T19:54:36 CST" name="tearDown" finished-at="2026-06-05T19:54:36 CST" duration-ms="551" status="PASS">
          <reporter-output>
          </reporter-output>
        </test-method> <!-- tearDown -->
      </class> <!-- com.sdet.testcases.itemsArePresent -->
    </test> <!-- itemsArePresent -->
    <test started-at="2026-06-05T19:54:37 CST" name="printAllElements" finished-at="2026-06-05T19:54:55 CST" duration-ms="18311">
      <class name="com.sdet.testcases.printAllElements">
        <test-method signature="printAll(java.lang.String,java.lang.String)[pri:0, instance:com.sdet.testcases.printAllElements@60723d6a]" started-at="2026-06-05T19:54:37 CST" name="printAll" data-provider="dp1" finished-at="2026-06-05T19:54:46 CST" duration-ms="9071" status="PASS">
          <params>
            <param index="0">
              <value>
                <![CDATA[Y]]>
              </value>
            </param>
            <param index="1">
              <value>
                <![CDATA[chrome]]>
              </value>
            </param>
          </params>
          <reporter-output>
          </reporter-output>
        </test-method> <!-- printAll -->
        <test-method is-config="true" signature="tearDown()[pri:0, instance:com.sdet.testcases.printAllElements@60723d6a]" started-at="2026-06-05T19:54:46 CST" name="tearDown" finished-at="2026-06-05T19:54:46 CST" duration-ms="159" status="PASS">
          <reporter-output>
          </reporter-output>
        </test-method> <!-- tearDown -->
        <test-method signature="printAll(java.lang.String,java.lang.String)[pri:0, instance:com.sdet.testcases.printAllElements@60723d6a]" started-at="2026-06-05T19:54:46 CST" name="printAll" data-provider="dp1" finished-at="2026-06-05T19:54:46 CST" duration-ms="1" status="SKIP">
          <params>
            <param index="0">
              <value>
                <![CDATA[N]]>
              </value>
            </param>
            <param index="1">
              <value>
                <![CDATA[chrome]]>
              </value>
            </param>
          </params>
          <exception class="org.testng.SkipException">
            <message>
              <![CDATA[Skipping chrome printAllElements execution as the run mode is NO]]>
            </message>
            <full-stacktrace>
              <![CDATA[org.testng.SkipException: Skipping chrome printAllElements execution as the run mode is NO
at com.sdet.testcases.printAllElements.printAll(printAllElements.java:19)
at java.base/jdk.internal.reflect.DirectMethodHandleAccessor.invoke(DirectMethodHandleAccessor.java:103)
at java.base/java.lang.reflect.Method.invoke(Method.java:580)
at org.testng.internal.invokers.MethodInvocationHelper.invokeMethod(MethodInvocationHelper.java:141)
at org.testng.internal.invokers.TestInvoker.invokeMethod(TestInvoker.java:687)
at org.testng.internal.invokers.TestInvoker.invokeTestMethod(TestInvoker.java:230)
at org.testng.internal.invokers.MethodRunner.runInSequence(MethodRunner.java:63)
at org.testng.internal.invokers.TestInvoker$MethodInvocationAgent.invoke(TestInvoker.java:995)
at org.testng.internal.invokers.TestInvoker.invokeTestMethods(TestInvoker.java:203)
at org.testng.internal.invokers.TestMethodWorker.invokeTestMethods(TestMethodWorker.java:154)
at org.testng.internal.invokers.TestMethodWorker.run(TestMethodWorker.java:134)
at java.base/java.util.ArrayList.forEach(ArrayList.java:1596)
at org.testng.TestRunner.privateRun(TestRunner.java:741)
at org.testng.TestRunner.run(TestRunner.java:616)
at org.testng.SuiteRunner.runTest(SuiteRunner.java:421)
at org.testng.SuiteRunner.runSequentially(SuiteRunner.java:413)
at org.testng.SuiteRunner.privateRun(SuiteRunner.java:373)
at org.testng.SuiteRunner.run(SuiteRunner.java:312)
at org.testng.SuiteRunnerWorker.runSuite(SuiteRunnerWorker.java:52)
at org.testng.SuiteRunnerWorker.run(SuiteRunnerWorker.java:95)
at org.testng.TestNG.runSuitesSequentially(TestNG.java:1274)
at org.testng.TestNG.runSuitesLocally(TestNG.java:1208)
at org.testng.TestNG.runSuites(TestNG.java:1112)
at org.testng.TestNG.run(TestNG.java:1079)
at org.apache.maven.surefire.testng.TestNGExecutor.run(TestNGExecutor.java:308)
at org.apache.maven.surefire.testng.TestNGXmlTestSuite.execute(TestNGXmlTestSuite.java:71)
at org.apache.maven.surefire.testng.TestNGProvider.invoke(TestNGProvider.java:113)
at org.apache.maven.surefire.booter.ForkedBooter.runSuitesInProcess(ForkedBooter.java:385)
at org.apache.maven.surefire.booter.ForkedBooter.execute(ForkedBooter.java:162)
at org.apache.maven.surefire.booter.ForkedBooter.run(ForkedBooter.java:507)
at org.apache.maven.surefire.booter.ForkedBooter.main(ForkedBooter.java:495)
]]>
            </full-stacktrace>
          </exception> <!-- org.testng.SkipException -->
          <reporter-output>
          </reporter-output>
        </test-method> <!-- printAll -->
        <test-method is-config="true" signature="tearDown()[pri:0, instance:com.sdet.testcases.printAllElements@60723d6a]" started-at="2026-06-05T19:54:46 CST" name="tearDown" finished-at="2026-06-05T19:54:46 CST" duration-ms="1" status="PASS">
          <reporter-output>
          </reporter-output>
        </test-method> <!-- tearDown -->
        <test-method signature="printAll(java.lang.String,java.lang.String)[pri:0, instance:com.sdet.testcases.printAllElements@60723d6a]" started-at="2026-06-05T19:54:46 CST" name="printAll" data-provider="dp1" finished-at="2026-06-05T19:54:54 CST" duration-ms="8510" status="PASS">
          <params>
            <param index="0">
              <value>
                <![CDATA[Y]]>
              </value>
            </param>
            <param index="1">
              <value>
                <![CDATA[firefox]]>
              </value>
            </param>
          </params>
          <reporter-output>
          </reporter-output>
        </test-method> <!-- printAll -->
        <test-method is-config="true" signature="tearDown()[pri:0, instance:com.sdet.testcases.printAllElements@60723d6a]" started-at="2026-06-05T19:54:54 CST" name="tearDown" finished-at="2026-06-05T19:54:55 CST" duration-ms="556" status="PASS">
          <reporter-output>
          </reporter-output>
        </test-method> <!-- tearDown -->
      </class> <!-- com.sdet.testcases.printAllElements -->
    </test> <!-- printAllElements -->
    <test started-at="2026-06-05T19:54:55 CST" name="searchBox" finished-at="2026-06-05T19:55:11 CST" duration-ms="15713">
      <class name="com.sdet.testcases.searchBox">
        <test-method signature="search(java.lang.String,java.lang.String,java.lang.String)[pri:0, instance:com.sdet.testcases.searchBox@6a4d7f76]" started-at="2026-06-05T19:54:55 CST" name="search" data-provider="dp1" finished-at="2026-06-05T19:55:01 CST" duration-ms="6527" status="PASS">
          <params>
            <param index="0">
              <value>
                <![CDATA[Y]]>
              </value>
            </param>
            <param index="1">
              <value>
                <![CDATA[chrome]]>
              </value>
            </param>
            <param index="2">
              <value>
                <![CDATA[Visual Studio Professional 2026]]>
              </value>
            </param>
          </params>
          <reporter-output>
          </reporter-output>
        </test-method> <!-- search -->
        <test-method is-config="true" signature="tearDown()[pri:0, instance:com.sdet.testcases.searchBox@6a4d7f76]" started-at="2026-06-05T19:55:02 CST" name="tearDown" finished-at="2026-06-05T19:55:02 CST" duration-ms="154" status="PASS">
          <reporter-output>
          </reporter-output>
        </test-method> <!-- tearDown -->
        <test-method signature="search(java.lang.String,java.lang.String,java.lang.String)[pri:0, instance:com.sdet.testcases.searchBox@6a4d7f76]" started-at="2026-06-05T19:55:02 CST" name="search" data-provider="dp1" finished-at="2026-06-05T19:55:02 CST" duration-ms="1" status="SKIP">
          <params>
            <param index="0">
              <value>
                <![CDATA[N]]>
              </value>
            </param>
            <param index="1">
              <value>
                <![CDATA[chrome]]>
              </value>
            </param>
            <param index="2">
              <value>
                <![CDATA[Visual Studio Professional 2026]]>
              </value>
            </param>
          </params>
          <exception class="org.testng.SkipException">
            <message>
              <![CDATA[Skipping chrome searchBox execution as the run mode is NO]]>
            </message>
            <full-stacktrace>
              <![CDATA[org.testng.SkipException: Skipping chrome searchBox execution as the run mode is NO
at com.sdet.testcases.searchBox.search(searchBox.java:18)
at java.base/jdk.internal.reflect.DirectMethodHandleAccessor.invoke(DirectMethodHandleAccessor.java:103)
at java.base/java.lang.reflect.Method.invoke(Method.java:580)
at org.testng.internal.invokers.MethodInvocationHelper.invokeMethod(MethodInvocationHelper.java:141)
at org.testng.internal.invokers.TestInvoker.invokeMethod(TestInvoker.java:687)
at org.testng.internal.invokers.TestInvoker.invokeTestMethod(TestInvoker.java:230)
at org.testng.internal.invokers.MethodRunner.runInSequence(MethodRunner.java:63)
at org.testng.internal.invokers.TestInvoker$MethodInvocationAgent.invoke(TestInvoker.java:995)
at org.testng.internal.invokers.TestInvoker.invokeTestMethods(TestInvoker.java:203)
at org.testng.internal.invokers.TestMethodWorker.invokeTestMethods(TestMethodWorker.java:154)
at org.testng.internal.invokers.TestMethodWorker.run(TestMethodWorker.java:134)
at java.base/java.util.ArrayList.forEach(ArrayList.java:1596)
at org.testng.TestRunner.privateRun(TestRunner.java:741)
at org.testng.TestRunner.run(TestRunner.java:616)
at org.testng.SuiteRunner.runTest(SuiteRunner.java:421)
at org.testng.SuiteRunner.runSequentially(SuiteRunner.java:413)
at org.testng.SuiteRunner.privateRun(SuiteRunner.java:373)
at org.testng.SuiteRunner.run(SuiteRunner.java:312)
at org.testng.SuiteRunnerWorker.runSuite(SuiteRunnerWorker.java:52)
at org.testng.SuiteRunnerWorker.run(SuiteRunnerWorker.java:95)
at org.testng.TestNG.runSuitesSequentially(TestNG.java:1274)
at org.testng.TestNG.runSuitesLocally(TestNG.java:1208)
at org.testng.TestNG.runSuites(TestNG.java:1112)
at org.testng.TestNG.run(TestNG.java:1079)
at org.apache.maven.surefire.testng.TestNGExecutor.run(TestNGExecutor.java:308)
at org.apache.maven.surefire.testng.TestNGXmlTestSuite.execute(TestNGXmlTestSuite.java:71)
at org.apache.maven.surefire.testng.TestNGProvider.invoke(TestNGProvider.java:113)
at org.apache.maven.surefire.booter.ForkedBooter.runSuitesInProcess(ForkedBooter.java:385)
at org.apache.maven.surefire.booter.ForkedBooter.execute(ForkedBooter.java:162)
at org.apache.maven.surefire.booter.ForkedBooter.run(ForkedBooter.java:507)
at org.apache.maven.surefire.booter.ForkedBooter.main(ForkedBooter.java:495)
]]>
            </full-stacktrace>
          </exception> <!-- org.testng.SkipException -->
          <reporter-output>
          </reporter-output>
        </test-method> <!-- search -->
        <test-method signature="search(java.lang.String,java.lang.String,java.lang.String)[pri:0, instance:com.sdet.testcases.searchBox@6a4d7f76]" started-at="2026-06-05T19:55:02 CST" name="search" data-provider="dp1" finished-at="2026-06-05T19:55:10 CST" duration-ms="8455" status="PASS">
          <params>
            <param index="0">
              <value>
                <![CDATA[Y]]>
              </value>
            </param>
            <param index="1">
              <value>
                <![CDATA[firefox]]>
              </value>
            </param>
            <param index="2">
              <value>
                <![CDATA[Visual Studio Professional 2026]]>
              </value>
            </param>
          </params>
          <reporter-output>
          </reporter-output>
        </test-method> <!-- search -->
        <test-method is-config="true" signature="tearDown()[pri:0, instance:com.sdet.testcases.searchBox@6a4d7f76]" started-at="2026-06-05T19:55:02 CST" name="tearDown" finished-at="2026-06-05T19:55:02 CST" duration-ms="0" status="PASS">
          <reporter-output>
          </reporter-output>
        </test-method> <!-- tearDown -->
        <test-method is-config="true" signature="tearDown()[pri:0, instance:com.sdet.testcases.searchBox@6a4d7f76]" started-at="2026-06-05T19:55:10 CST" name="tearDown" finished-at="2026-06-05T19:55:11 CST" duration-ms="563" status="PASS">
          <reporter-output>
          </reporter-output>
        </test-method> <!-- tearDown -->
      </class> <!-- com.sdet.testcases.searchBox -->
    </test> <!-- searchBox -->
    <test started-at="2026-06-05T19:55:11 CST" name="priceComparison" finished-at="2026-06-05T19:55:33 CST" duration-ms="22192">
      <class name="com.sdet.testcases.priceComparison">
        <test-method signature="priceCompare(java.lang.String,java.lang.String,java.lang.String)[pri:0, instance:com.sdet.testcases.priceComparison@29314cc9]" started-at="2026-06-05T19:55:11 CST" name="priceCompare" data-provider="dp1" finished-at="2026-06-05T19:55:21 CST" duration-ms="10782" status="PASS">
          <params>
            <param index="0">
              <value>
                <![CDATA[Y]]>
              </value>
            </param>
            <param index="1">
              <value>
                <![CDATA[chrome]]>
              </value>
            </param>
            <param index="2">
              <value>
                <![CDATA[Visual Studio Professional 2026]]>
              </value>
            </param>
          </params>
          <reporter-output>
          </reporter-output>
        </test-method> <!-- priceCompare -->
        <test-method is-config="true" signature="tearDown()[pri:0, instance:com.sdet.testcases.priceComparison@29314cc9]" started-at="2026-06-05T19:55:21 CST" name="tearDown" finished-at="2026-06-05T19:55:22 CST" duration-ms="144" status="PASS">
          <reporter-output>
          </reporter-output>
        </test-method> <!-- tearDown -->
        <test-method signature="priceCompare(java.lang.String,java.lang.String,java.lang.String)[pri:0, instance:com.sdet.testcases.priceComparison@29314cc9]" started-at="2026-06-05T19:55:22 CST" name="priceCompare" data-provider="dp1" finished-at="2026-06-05T19:55:22 CST" duration-ms="0" status="SKIP">
          <params>
            <param index="0">
              <value>
                <![CDATA[N]]>
              </value>
            </param>
            <param index="1">
              <value>
                <![CDATA[chrome]]>
              </value>
            </param>
            <param index="2">
              <value>
                <![CDATA[Visual Studio Professional 2026]]>
              </value>
            </param>
          </params>
          <exception class="org.testng.SkipException">
            <message>
              <![CDATA[Skipping chrome priceComparison execution as the run mode is NO]]>
            </message>
            <full-stacktrace>
              <![CDATA[org.testng.SkipException: Skipping chrome priceComparison execution as the run mode is NO
at com.sdet.testcases.priceComparison.priceCompare(priceComparison.java:21)
at java.base/jdk.internal.reflect.DirectMethodHandleAccessor.invoke(DirectMethodHandleAccessor.java:103)
at java.base/java.lang.reflect.Method.invoke(Method.java:580)
at org.testng.internal.invokers.MethodInvocationHelper.invokeMethod(MethodInvocationHelper.java:141)
at org.testng.internal.invokers.TestInvoker.invokeMethod(TestInvoker.java:687)
at org.testng.internal.invokers.TestInvoker.invokeTestMethod(TestInvoker.java:230)
at org.testng.internal.invokers.MethodRunner.runInSequence(MethodRunner.java:63)
at org.testng.internal.invokers.TestInvoker$MethodInvocationAgent.invoke(TestInvoker.java:995)
at org.testng.internal.invokers.TestInvoker.invokeTestMethods(TestInvoker.java:203)
at org.testng.internal.invokers.TestMethodWorker.invokeTestMethods(TestMethodWorker.java:154)
at org.testng.internal.invokers.TestMethodWorker.run(TestMethodWorker.java:134)
at java.base/java.util.ArrayList.forEach(ArrayList.java:1596)
at org.testng.TestRunner.privateRun(TestRunner.java:741)
at org.testng.TestRunner.run(TestRunner.java:616)
at org.testng.SuiteRunner.runTest(SuiteRunner.java:421)
at org.testng.SuiteRunner.runSequentially(SuiteRunner.java:413)
at org.testng.SuiteRunner.privateRun(SuiteRunner.java:373)
at org.testng.SuiteRunner.run(SuiteRunner.java:312)
at org.testng.SuiteRunnerWorker.runSuite(SuiteRunnerWorker.java:52)
at org.testng.SuiteRunnerWorker.run(SuiteRunnerWorker.java:95)
at org.testng.TestNG.runSuitesSequentially(TestNG.java:1274)
at org.testng.TestNG.runSuitesLocally(TestNG.java:1208)
at org.testng.TestNG.runSuites(TestNG.java:1112)
at org.testng.TestNG.run(TestNG.java:1079)
at org.apache.maven.surefire.testng.TestNGExecutor.run(TestNGExecutor.java:308)
at org.apache.maven.surefire.testng.TestNGXmlTestSuite.execute(TestNGXmlTestSuite.java:71)
at org.apache.maven.surefire.testng.TestNGProvider.invoke(TestNGProvider.java:113)
at org.apache.maven.surefire.booter.ForkedBooter.runSuitesInProcess(ForkedBooter.java:385)
at org.apache.maven.surefire.booter.ForkedBooter.execute(ForkedBooter.java:162)
at org.apache.maven.surefire.booter.ForkedBooter.run(ForkedBooter.java:507)
at org.apache.maven.surefire.booter.ForkedBooter.main(ForkedBooter.java:495)
]]>
            </full-stacktrace>
          </exception> <!-- org.testng.SkipException -->
          <reporter-output>
          </reporter-output>
        </test-method> <!-- priceCompare -->
        <test-method signature="priceCompare(java.lang.String,java.lang.String,java.lang.String)[pri:0, instance:com.sdet.testcases.priceComparison@29314cc9]" started-at="2026-06-05T19:55:22 CST" name="priceCompare" data-provider="dp1" finished-at="2026-06-05T19:55:32 CST" duration-ms="10776" status="PASS">
          <params>
            <param index="0">
              <value>
                <![CDATA[Y]]>
              </value>
            </param>
            <param index="1">
              <value>
                <![CDATA[firefox]]>
              </value>
            </param>
            <param index="2">
              <value>
                <![CDATA[Visual Studio Professional 2026]]>
              </value>
            </param>
          </params>
          <reporter-output>
          </reporter-output>
        </test-method> <!-- priceCompare -->
        <test-method is-config="true" signature="tearDown()[pri:0, instance:com.sdet.testcases.priceComparison@29314cc9]" started-at="2026-06-05T19:55:22 CST" name="tearDown" finished-at="2026-06-05T19:55:22 CST" duration-ms="0" status="PASS">
          <reporter-output>
          </reporter-output>
        </test-method> <!-- tearDown -->
        <test-method is-config="true" signature="tearDown()[pri:0, instance:com.sdet.testcases.priceComparison@29314cc9]" started-at="2026-06-05T19:55:32 CST" name="tearDown" finished-at="2026-06-05T19:55:33 CST" duration-ms="475" status="PASS">
          <reporter-output>
          </reporter-output>
        </test-method> <!-- tearDown -->
      </class> <!-- com.sdet.testcases.priceComparison -->
    </test> <!-- priceComparison -->
    <test started-at="2026-06-05T19:55:33 CST" name="requestRestAssured" finished-at="2026-06-05T19:55:35 CST" duration-ms="2430">
      <class name="com.sdet.testcases.requestRestAssured">
        <test-method signature="requestValidation(java.lang.String)[pri:0, instance:com.sdet.testcases.requestRestAssured@5ca1f591]" started-at="2026-06-05T19:55:33 CST" name="requestValidation" data-provider="dp1" finished-at="2026-06-05T19:55:35 CST" duration-ms="2420" status="PASS">
          <params>
            <param index="0">
              <value>
                <![CDATA[Y]]>
              </value>
            </param>
          </params>
          <reporter-output>
          </reporter-output>
        </test-method> <!-- requestValidation -->
        <test-method signature="requestValidation(java.lang.String)[pri:0, instance:com.sdet.testcases.requestRestAssured@5ca1f591]" started-at="2026-06-05T19:55:35 CST" name="requestValidation" data-provider="dp1" finished-at="2026-06-05T19:55:35 CST" duration-ms="0" status="SKIP">
          <params>
            <param index="0">
              <value>
                <![CDATA[N]]>
              </value>
            </param>
          </params>
          <exception class="org.testng.SkipException">
            <message>
              <![CDATA[Skipping requestRestAssured execution as the run mode is NO]]>
            </message>
            <full-stacktrace>
              <![CDATA[org.testng.SkipException: Skipping requestRestAssured execution as the run mode is NO
at com.sdet.testcases.requestRestAssured.requestValidation(requestRestAssured.java:18)
at java.base/jdk.internal.reflect.DirectMethodHandleAccessor.invoke(DirectMethodHandleAccessor.java:103)
at java.base/java.lang.reflect.Method.invoke(Method.java:580)
at org.testng.internal.invokers.MethodInvocationHelper.invokeMethod(MethodInvocationHelper.java:141)
at org.testng.internal.invokers.TestInvoker.invokeMethod(TestInvoker.java:687)
at org.testng.internal.invokers.TestInvoker.invokeTestMethod(TestInvoker.java:230)
at org.testng.internal.invokers.MethodRunner.runInSequence(MethodRunner.java:63)
at org.testng.internal.invokers.TestInvoker$MethodInvocationAgent.invoke(TestInvoker.java:995)
at org.testng.internal.invokers.TestInvoker.invokeTestMethods(TestInvoker.java:203)
at org.testng.internal.invokers.TestMethodWorker.invokeTestMethods(TestMethodWorker.java:154)
at org.testng.internal.invokers.TestMethodWorker.run(TestMethodWorker.java:134)
at java.base/java.util.ArrayList.forEach(ArrayList.java:1596)
at org.testng.TestRunner.privateRun(TestRunner.java:741)
at org.testng.TestRunner.run(TestRunner.java:616)
at org.testng.SuiteRunner.runTest(SuiteRunner.java:421)
at org.testng.SuiteRunner.runSequentially(SuiteRunner.java:413)
at org.testng.SuiteRunner.privateRun(SuiteRunner.java:373)
at org.testng.SuiteRunner.run(SuiteRunner.java:312)
at org.testng.SuiteRunnerWorker.runSuite(SuiteRunnerWorker.java:52)
at org.testng.SuiteRunnerWorker.run(SuiteRunnerWorker.java:95)
at org.testng.TestNG.runSuitesSequentially(TestNG.java:1274)
at org.testng.TestNG.runSuitesLocally(TestNG.java:1208)
at org.testng.TestNG.runSuites(TestNG.java:1112)
at org.testng.TestNG.run(TestNG.java:1079)
at org.apache.maven.surefire.testng.TestNGExecutor.run(TestNGExecutor.java:308)
at org.apache.maven.surefire.testng.TestNGXmlTestSuite.execute(TestNGXmlTestSuite.java:71)
at org.apache.maven.surefire.testng.TestNGProvider.invoke(TestNGProvider.java:113)
at org.apache.maven.surefire.booter.ForkedBooter.runSuitesInProcess(ForkedBooter.java:385)
at org.apache.maven.surefire.booter.ForkedBooter.execute(ForkedBooter.java:162)
at org.apache.maven.surefire.booter.ForkedBooter.run(ForkedBooter.java:507)
at org.apache.maven.surefire.booter.ForkedBooter.main(ForkedBooter.java:495)
]]>
            </full-stacktrace>
          </exception> <!-- org.testng.SkipException -->
          <reporter-output>
          </reporter-output>
        </test-method> <!-- requestValidation -->
        <test-method is-config="true" signature="tearDown()[pri:0, instance:com.sdet.testcases.requestRestAssured@5ca1f591]" started-at="2026-06-05T19:55:35 CST" name="tearDown" finished-at="2026-06-05T19:55:35 CST" duration-ms="0" status="PASS">
          <reporter-output>
          </reporter-output>
        </test-method> <!-- tearDown -->
        <test-method is-config="true" signature="tearDown()[pri:0, instance:com.sdet.testcases.requestRestAssured@5ca1f591]" started-at="2026-06-05T19:55:35 CST" name="tearDown" finished-at="2026-06-05T19:55:35 CST" duration-ms="1" status="PASS">
          <reporter-output>
          </reporter-output>
        </test-method> <!-- tearDown -->
      </class> <!-- com.sdet.testcases.requestRestAssured -->
    </test> <!-- requestRestAssured -->
  </suite> <!-- POMTestExecution -->
</testng-results>
