<?xml version="1.0" encoding="UTF-8"?>
<!-- Generated by org.testng.reporters.JUnitReportReporter -->
<testsuite hostname="VeOs" failures="0" tests="3" name="com.sdet.testcases.searchBox" time="15.700" errors="0" timestamp="2026-06-05T19:55:35 CST" skipped="1">
  <testcase classname="com.sdet.testcases.searchBox" name="search" time="0.564">
    <skipped/>
  </testcase> <!-- search -->
  <testcase classname="com.sdet.testcases.searchBox" name="search" time="8.609"/>
  <testcase classname="com.sdet.testcases.searchBox" name="search" time="6.527"/>
</testsuite> <!-- com.sdet.testcases.searchBox -->
