<?xml version="1.0" encoding="UTF-8"?>
<!-- Generated by org.testng.reporters.JUnitReportReporter -->
<testsuite hostname="VeOs" failures="0" tests="3" name="com.sdet.testcases.printAllElements" time="18.298" errors="0" timestamp="2026-06-05T19:55:35 CST" skipped="1">
  <testcase classname="com.sdet.testcases.printAllElements" name="printAll" time="0.160">
    <skipped/>
  </testcase> <!-- printAll -->
  <testcase classname="com.sdet.testcases.printAllElements" name="printAll" time="9.066"/>
  <testcase classname="com.sdet.testcases.printAllElements" name="printAll" time="9.072"/>
</testsuite> <!-- com.sdet.testcases.printAllElements -->
