<?xml version="1.0" encoding="UTF-8"?>
<!-- Generated by org.testng.reporters.JUnitReportReporter -->
<testsuite hostname="VeOs" failures="0" tests="2" name="com.sdet.testcases.requestRestAssured" time="2.421" errors="0" timestamp="2026-06-05T19:55:35 CST" skipped="1">
  <testcase classname="com.sdet.testcases.requestRestAssured" name="requestValidation" time="0.000">
    <skipped/>
  </testcase> <!-- requestValidation -->
  <testcase classname="com.sdet.testcases.requestRestAssured" name="requestValidation" time="2.421"/>
</testsuite> <!-- com.sdet.testcases.requestRestAssured -->
