<?xml version="1.0" encoding="UTF-8"?>
<!-- Generated by org.testng.reporters.JUnitReportReporter -->
<testsuite hostname="VeOs" failures="0" tests="3" name="com.sdet.testcases.priceComparison" time="22.177" errors="0" timestamp="2026-06-05T19:55:35 CST" skipped="1">
  <testcase classname="com.sdet.testcases.priceComparison" name="priceCompare" time="10.782"/>
  <testcase classname="com.sdet.testcases.priceComparison" name="priceCompare" time="11.251"/>
  <testcase classname="com.sdet.testcases.priceComparison" name="priceCompare" time="0.144">
    <skipped/>
  </testcase> <!-- priceCompare -->
</testsuite> <!-- com.sdet.testcases.priceComparison -->
