<?xml version="1.0" encoding="UTF-8"?>
<!-- Generated by org.testng.reporters.JUnitReportReporter -->
<testsuite hostname="VeOs" failures="0" tests="3" name="com.sdet.testcases.itemsArePresent" time="11.772" errors="0" timestamp="2026-06-05T19:55:35 CST" skipped="1">
  <testcase classname="com.sdet.testcases.itemsArePresent" name="itemsPresent" time="4.915"/>
  <testcase classname="com.sdet.testcases.itemsArePresent" name="itemsPresent" time="6.292"/>
  <testcase classname="com.sdet.testcases.itemsArePresent" name="itemsPresent" time="0.565">
    <skipped/>
  </testcase> <!-- itemsPresent -->
</testsuite> <!-- com.sdet.testcases.itemsArePresent -->
