<?xml version="1.0" encoding="UTF-8"?>
<!-- Generated by org.testng.reporters.JUnitXMLReporter -->
<testsuite ignored="0" hostname="VeOs" failures="0" tests="3" name="itemsArePresent" time="11.826" errors="0" timestamp="2026-06-05T19:54:37 CST">
  <testcase classname="com.sdet.testcases.itemsArePresent" name="itemsPresent" time="0.014">
    <skipped/>
  </testcase> <!-- itemsPresent -->
  <testcase classname="com.sdet.testcases.itemsArePresent" name="itemsPresent" time="4.912"/>
  <testcase classname="com.sdet.testcases.itemsArePresent" name="itemsPresent" time="6.156"/>
</testsuite> <!-- itemsArePresent -->
