<?xml version="1.0" encoding="UTF-8"?>
<!-- Generated by org.testng.reporters.JUnitXMLReporter -->
<testsuite ignored="0" hostname="VeOs" failures="0" tests="3" name="priceComparison" time="22.192" errors="0" timestamp="2026-06-05T19:55:33 CST">
  <testcase classname="com.sdet.testcases.priceComparison" name="priceCompare" time="10.782"/>
  <testcase classname="com.sdet.testcases.priceComparison" name="priceCompare" time="0.0">
    <skipped/>
  </testcase> <!-- priceCompare -->
  <testcase classname="com.sdet.testcases.priceComparison" name="priceCompare" time="10.776"/>
</testsuite> <!-- priceComparison -->
