<?xml version="1.0" encoding="UTF-8"?>
<!-- Generated by org.testng.reporters.JUnitXMLReporter -->
<testsuite ignored="0" hostname="VeOs" failures="0" tests="3" name="printAllElements" time="18.311" errors="0" timestamp="2026-06-05T19:54:55 CST">
  <testcase classname="com.sdet.testcases.printAllElements" name="printAll" time="9.071"/>
  <testcase classname="com.sdet.testcases.printAllElements" name="printAll" time="0.001">
    <skipped/>
  </testcase> <!-- printAll -->
  <testcase classname="com.sdet.testcases.printAllElements" name="printAll" time="8.51"/>
</testsuite> <!-- printAllElements -->
