<?xml version="1.0" encoding="UTF-8"?>
<!-- Generated by org.testng.reporters.JUnitXMLReporter -->
<testsuite ignored="0" hostname="VeOs" failures="0" tests="2" name="requestRestAssured" time="2.43" errors="0" timestamp="2026-06-05T19:55:35 CST">
  <testcase classname="com.sdet.testcases.requestRestAssured" name="requestValidation" time="2.42"/>
  <testcase classname="com.sdet.testcases.requestRestAssured" name="requestValidation" time="0.0">
    <skipped/>
  </testcase> <!-- requestValidation -->
</testsuite> <!-- requestRestAssured -->
