<?xml version="1.0" encoding="UTF-8"?>
<!-- Generated by org.testng.reporters.JUnitXMLReporter -->
<testsuite ignored="0" hostname="VeOs" failures="0" tests="3" name="searchBox" time="15.713" errors="0" timestamp="2026-06-05T19:55:11 CST">
  <testcase classname="com.sdet.testcases.searchBox" name="search" time="6.527"/>
  <testcase classname="com.sdet.testcases.searchBox" name="search" time="0.001">
    <skipped/>
  </testcase> <!-- search -->
  <testcase classname="com.sdet.testcases.searchBox" name="search" time="8.455"/>
</testsuite> <!-- searchBox -->
